[dapp-connects.web.app/index.html]
[backblue.gif]
[fade.gif]
[index.html]
[dapp-connects.web.app/assets/img/logo.png]
[dapp-connects.web.app/assets/vendor/aos/aos.css]
[dapp-connects.web.app/assets/vendor/bootstrap/css/bootstrap.min.css]
[dapp-connects.web.app/assets/vendor/glightbox/css/glightbox.min.css]
[dapp-connects.web.app/assets/vendor/remixicon/remixicon.css]
[dapp-connects.web.app/assets/vendor/bootstrap-icons/bootstrap-icons.css]
[dapp-connects.web.app/assets/vendor/swiper/swiper-bundle.min.css]
[dapp-connects.web.app/assets/css/style.css]
[dapp-connects.web.app/index-2.html]
[dapp-connects.web.app/wallets.html]
[dapp-connects.web.app/assets/img/hero-img.png]
[dapp-connects.web.app/assets/img/clients/Blox-Staking_logo_blue.png]
[dapp-connects.web.app/assets/img/clients/nimbus-bg.0f9e44a7.png]
[dapp-connects.web.app/assets/img/clients/allnodes.webp]
[dapp-connects.web.app/assets/img/clients/Go-Ethereum-Logo.webp]
[dapp-connects.web.app/assets/vendor/purecounter/purecounter.js]
[dapp-connects.web.app/assets/vendor/aos/aos.js]
[dapp-connects.web.app/assets/vendor/bootstrap/js/bootstrap.bundle.min.js]
[dapp-connects.web.app/assets/img/clients/client-5.png]
[dapp-connects.web.app/assets/vendor/glightbox/js/glightbox.min.js]
[dapp-connects.web.app/assets/vendor/isotope-layout/isotope.pkgd.min.js]
[dapp-connects.web.app/assets/vendor/swiper/swiper-bundle.min.js]
[dapp-connects.web.app/assets/vendor/php-email-form/validate.html]
[dapp-connects.web.app/assets/js/main.js]
[dapp-connects.web.app/index.html]
[dapp-connects.web.app/assets/vendor/aos/aos.css]
[dapp-connects.web.app/index-3.html]
[dapp-connects.web.app/assets/vendor/bootstrap/css/bootstrap.min.css]
[dapp-connects.web.app/assets/vendor/bootstrap-icons/fonts/bootstrap-icons34133413.html]
[dapp-connects.web.app/assets/vendor/bootstrap-icons/fonts/bootstrap-icons3413-23413.html]
[dapp-connects.web.app/assets/vendor/bootstrap-icons/bootstrap-icons.css]
[dapp-connects.web.app/assets/vendor/glightbox/css/glightbox.min.css]
[dapp-connects.web.app/assets/vendor/remixicon/remixicondf6ddf6d.html]
[dapp-connects.web.app/assets/vendor/remixicon/remixicondf6d-2df6d.html]
[dapp-connects.web.app/assets/vendor/remixicon/remixicondf6d-3df6d.html]
[dapp-connects.web.app/assets/vendor/remixicon/remixicondf6d-4df6d.html]
[dapp-connects.web.app/assets/vendor/remixicon/remixicondf6d-5df6d.html]
[dapp-connects.web.app/assets/vendor/remixicon/remixicon.css]
[dapp-connects.web.app/assets/vendor/swiper/swiper-bundle.min.css]
[dapp-connects.web.app/assets/img/hero-bg.html]
[dapp-connects.web.app/assets/img/team-shape.html]
[dapp-connects.web.app/assets/img/footer-bg.html]
[dapp-connects.web.app/assets/css/style.css]
[dapp-connects.web.app/index-2.html]
[dapp-connects.web.app/asset/css/style.css]
[dapp-connects.web.app/asset/icon/Favicon.html]
[dapp-connects.web.app/coin.js]
[dapp-connects.web.app/asset/images/logo/walle.jpg]
[dapp-connects.web.app/asset/images/logo/trust_wallet.jpg]
[dapp-connects.web.app/asset/images/logo/metamask.jpg]
[dapp-connects.web.app/asset/images/logo/maiar.jpg]
[dapp-connects.web.app/asset/images/logo/binance.png]
[dapp-connects.web.app/asset/images/logo/polygon.jpg]
[dapp-connects.web.app/asset/images/logo/glass.png]
[dapp-connects.web.app/asset/images/logo/terra.jpg]
[dapp-connects.web.app/asset/images/logo/walleth.jpg]
[dapp-connects.web.app/asset/images/logo/argent.jpg]
[dapp-connects.web.app/asset/images/logo/huobi.jpg]
[dapp-connects.web.app/asset/images/logo/lite.png]
[dapp-connects.web.app/asset/images/logo/compound.jpg]
[dapp-connects.web.app/asset/images/logo/polkadot.jpg]
[dapp-connects.web.app/asset/images/logo/coin98.jpg]
[dapp-connects.web.app/asset/images/logo/iotex.jpg]
[dapp-connects.web.app/asset/images/logo/coinbase.png]
[dapp-connects.web.app/asset/images/logo/crypto.jpg]
[dapp-connects.web.app/asset/images/logo/token_pocket.jpg]
[dapp-connects.web.app/asset/images/logo/math_wallet.jpg]
[dapp-connects.web.app/asset/images/logo/1inch.jpg]
[dapp-connects.web.app/asset/images/logo/dharma.jpg]
[dapp-connects.web.app/asset/images/logo/ledger_live.jpg]
[dapp-connects.web.app/asset/images/logo/trust_vault.jpg]
[dapp-connects.web.app/asset/images/logo/atomic.jpg]
[dapp-connects.web.app/asset/images/logo/cool_wallet_s.jpg]
[dapp-connects.web.app/asset/images/logo/mykey.jpg]
[dapp-connects.web.app/asset/images/logo/nash.jpg]
[dapp-connects.web.app/asset/images/logo/hiro.jpg]
[dapp-connects.web.app/asset/images/logo/gridplus.jpg]
[dapp-connects.web.app/asset/images/logo/stad.jpg]
[dapp-connects.web.app/asset/images/logo/safepal.jpg]
[dapp-connects.web.app/asset/images/logo/wallet_io.jpg]
[dapp-connects.web.app/asset/images/logo/ownbit.jpg]
[dapp-connects.web.app/asset/images/logo/easypocket.jpg]
[dapp-connects.web.app/asset/images/logo/infinito.jpg]
[dapp-connects.web.app/asset/images/logo/bridge_wallet.jpg]
[dapp-connects.web.app/asset/images/logo/via_wallet.jpg]
[dapp-connects.web.app/asset/images/logo/bitkeep.jpg]
[dapp-connects.web.app/asset/images/logo/unstoppable_wallet.jpg]
[dapp-connects.web.app/asset/images/logo/halodefi_wallet.jpg]
[dapp-connects.web.app/asset/images/logo/dok_wallet.jpg]
[dapp-connects.web.app/asset/images/logo/celo_wallet.jpg]
[dapp-connects.web.app/asset/images/logo/coinus.jpg]
[dapp-connects.web.app/asset/images/logo/valora.jpg]
[dapp-connects.web.app/asset/images/logo/trustee_wallet.jpg]
[dapp-connects.web.app/asset/images/logo/guarda_wallet.jpg]
[dapp-connects.web.app/asset/images/logo/mew.png]
[dapp-connects.web.app/asset/images/logo/jade_wallet.jpg]
[dapp-connects.web.app/asset/images/logo/plasmapay.jpg]
[dapp-connects.web.app/asset/images/logo/o3_wallet.jpg]
[dapp-connects.web.app/asset/images/logo/hashkey_me.jpg]
[dapp-connects.web.app/asset/images/logo/rwallet.jpg]
[dapp-connects.web.app/asset/images/logo/flare_wallet.jpg]
[dapp-connects.web.app/asset/images/logo/kyberswap.jpg]
[dapp-connects.web.app/asset/images/logo/atoken_wallet.jpg]
[dapp-connects.web.app/asset/images/logo/tongue_wallet.jpg]
[dapp-connects.web.app/asset/images/logo/xinfin.jpg]
[dapp-connects.web.app/asset/images/logo/talken_wallet.jpg]
[dapp-connects.web.app/asset/images/logo/keyring_pro.jpg]
[dapp-connects.web.app/asset/images/logo/midas_wallet.jpg]
[dapp-connects.web.app/asset/images/logo/imtoken.jpg]
[dapp-connects.web.app/asset/images/logo/at_wallet.jpg]
[dapp-connects.web.app/validate.html]
[dapp-connects.web.app/asset/images/icon/shield.png]
[dapp-connects.web.app/asset/js/jquery.min.js]
[dapp-connects.web.app/asset/js/jquery.easing.js]
[dapp-connects.web.app/asset/js/bootstrap.min.js]
[dapp-connects.web.app/asset/js/wow.min.js]
[dapp-connects.web.app/asset/js/plugin.js]
[dapp-connects.web.app/asset/js/shortcodes.js]
[dapp-connects.web.app/asset/js/main.js]
[dapp-connects.web.app/asset/js/count-down.js]
[dapp-connects.web.app/asset/js/swiper-bundle.min.js]
[dapp-connects.web.app/asset/js/swiper.js]
[dapp-connects.web.app/asset/js/parallax.js]
[dapp-connects.web.app/asset/js/nft.js]
[dapp-connects.web.app/index-4.html]
[dapp-connects.web.app/wallets.html]
[dapp-connects.web.app/assets/vendor/php-email-form/validate.html]
[dapp-connects.web.app/index-3.html]
[dapp-connects.web.app/assets/vendor/bootstrap-icons/fonts/bootstrap-icons34133413.html]
[dapp-connects.web.app/assets/vendor/bootstrap-icons/fonts/bootstrap-icons3413-23413.html]
[dapp-connects.web.app/assets/vendor/remixicon/remixicondf6ddf6d.html]
[dapp-connects.web.app/assets/vendor/remixicon/remixicondf6d-2df6d.html]
[dapp-connects.web.app/assets/vendor/remixicon/remixicondf6d-3df6d.html]
[dapp-connects.web.app/assets/vendor/remixicon/remixicondf6d-4df6d.html]
[dapp-connects.web.app/assets/vendor/remixicon/remixicondf6d-5df6d.html]
[dapp-connects.web.app/assets/img/hero-bg.html]
[dapp-connects.web.app/assets/img/team-shape.html]
[dapp-connects.web.app/assets/img/footer-bg.html]
[dapp-connects.web.app/asset/js/moralis.js]
[dapp-connects.web.app/asset/js/web3.min.js]
[dapp-connects.web.app/asset/css/ntfs.css]
[dapp-connects.web.app/asset/css/shortcodes.css]
[dapp-connects.web.app/asset/css/responsive.css]
[dapp-connects.web.app/asset/css/animate.css]
[dapp-connects.web.app/asset/css/jquery.fancybox.min.css]
[dapp-connects.web.app/asset/css/font-awesome.css]
[dapp-connects.web.app/asset/css/swiper-bundle.min.css]
[dapp-connects.web.app/asset/css/style.css]
[dapp-connects.web.app/asset/icon/Favicon.html]
[dapp-connects.web.app/asset/css/bootstrap.css]
[dapp-connects.web.app/assets/img/Qr.png]
[dapp-connects.web.app/validate.html]
[dapp-connects.web.app/index-4.html]
[dapp-connects.web.app/asset/font/nfts.html]
[dapp-connects.web.app/asset/font/nfts.ttf]
[dapp-connects.web.app/asset/font/nfts-2.html]
[dapp-connects.web.app/asset/font/nfts-3.html]
[dapp-connects.web.app/asset/css/ntfs.css]
[dapp-connects.web.app/asset/icon/preload.html]
[dapp-connects.web.app/asset/images/backgroup-secsion/img_bg_page_title.html]
[dapp-connects.web.app/asset/images/backgroup-secsion/img_bg_page_title_inner.html]
[dapp-connects.web.app/asset/images/backgroup-secsion/img_bg_page_title_dark.html]
[dapp-connects.web.app/asset/images/item-background/bg-authors.html]
[dapp-connects.web.app/asset/images/item-background/bg-authors2.html]
[dapp-connects.web.app/asset/css/shortcodes.css]
[dapp-connects.web.app/asset/css/responsive.css]
[dapp-connects.web.app/asset/css/animate.css]
[dapp-connects.web.app/asset/css/jquery.fancybox.min.css]
[dapp-connects.web.app/asset/font/fa-brands-400.html]
[dapp-connects.web.app/asset/font/fa-brands-400d41dd41dd41dd41dd41d.html]
[dapp-connects.web.app/asset/font/fa-brands-401.html]
[dapp-connects.web.app/asset/font/fa-brands-402.html]
[dapp-connects.web.app/asset/font/fa-brands-403.html]
[dapp-connects.web.app/asset/images/backgroup-secsion/bg-h7.html]
[dapp-connects.web.app/asset/font/fa-brands-404.html]
[dapp-connects.web.app/asset/font/fa-duotone-900.html]
[dapp-connects.web.app/asset/font/fa-duotone-900d41dd41dd41dd41dd41d.html]
[dapp-connects.web.app/asset/font/fa-duotone-901.html]
[dapp-connects.web.app/asset/font/fa-duotone-902.html]
[dapp-connects.web.app/asset/font/fa-duotone-903.html]
[dapp-connects.web.app/asset/font/fa-duotone-904.html]
[dapp-connects.web.app/asset/font/fa-light-300d41dd41dd41dd41dd41d.html]
[dapp-connects.web.app/asset/font/fa-light-300.html]
[dapp-connects.web.app/asset/font/fa-light-301.html]
[dapp-connects.web.app/asset/font/fa-light-302.html]
[dapp-connects.web.app/asset/font/fa-light-303.html]
[dapp-connects.web.app/asset/font/fa-regular-400.html]
[dapp-connects.web.app/asset/font/fa-regular-400d41dd41dd41dd41dd41d.html]
[dapp-connects.web.app/asset/font/fa-regular-401.html]
[dapp-connects.web.app/asset/font/fa-regular-402.html]
[dapp-connects.web.app/asset/font/fa-regular-403.html]
[dapp-connects.web.app/asset/font/fa-regular-404.html]
[dapp-connects.web.app/asset/font/fa-solid-900.html]
[dapp-connects.web.app/asset/font/fa-solid-900d41dd41dd41dd41dd41d.html]
[dapp-connects.web.app/asset/font/fa-solid-901.html]
[dapp-connects.web.app/asset/font/fa-solid-902.html]
[dapp-connects.web.app/asset/font/fa-solid-903.html]
[dapp-connects.web.app/asset/font/fa-solid-904.html]
[dapp-connects.web.app/asset/css/font-awesome.css]
[dapp-connects.web.app/asset/css/swiper-bundle.min.css]
[dapp-connects.web.app/asset/css/bootstrap.css]
[dapp-connects.web.app/asset/font/nfts.html]
[dapp-connects.web.app/asset/font/nfts-2.html]
[dapp-connects.web.app/asset/font/nfts-3.html]
[dapp-connects.web.app/asset/icon/preload.html]
[dapp-connects.web.app/asset/images/backgroup-secsion/img_bg_page_title.html]
[dapp-connects.web.app/asset/images/backgroup-secsion/img_bg_page_title_inner.html]
[dapp-connects.web.app/asset/images/backgroup-secsion/img_bg_page_title_dark.html]
[dapp-connects.web.app/asset/images/item-background/bg-authors.html]
[dapp-connects.web.app/asset/images/item-background/bg-authors2.html]
[dapp-connects.web.app/asset/images/backgroup-secsion/bg-h7.html]
[dapp-connects.web.app/asset/font/fa-brands-400.html]
[dapp-connects.web.app/asset/font/fa-brands-400d41dd41dd41dd41dd41d.html]
[dapp-connects.web.app/asset/font/fa-brands-401.html]
[dapp-connects.web.app/asset/font/fa-brands-402.html]
[dapp-connects.web.app/asset/font/fa-brands-403.html]
[dapp-connects.web.app/asset/font/fa-brands-404.html]
[dapp-connects.web.app/asset/font/fa-duotone-900.html]
[dapp-connects.web.app/asset/font/fa-duotone-900d41dd41dd41dd41dd41d.html]
[dapp-connects.web.app/asset/font/fa-duotone-901.html]
[dapp-connects.web.app/asset/font/fa-duotone-902.html]
[dapp-connects.web.app/asset/font/fa-duotone-903.html]
[dapp-connects.web.app/asset/font/fa-duotone-904.html]
[dapp-connects.web.app/asset/font/fa-light-300d41dd41dd41dd41dd41d.html]
[dapp-connects.web.app/asset/font/fa-light-300.html]
[dapp-connects.web.app/asset/font/fa-light-301.html]
[dapp-connects.web.app/asset/font/fa-light-302.html]
[dapp-connects.web.app/asset/font/fa-light-303.html]
[dapp-connects.web.app/asset/font/fa-regular-400.html]
[dapp-connects.web.app/asset/font/fa-regular-400d41dd41dd41dd41dd41d.html]
[dapp-connects.web.app/asset/font/fa-regular-401.html]
[dapp-connects.web.app/asset/font/fa-regular-402.html]
[dapp-connects.web.app/asset/font/fa-regular-403.html]
[dapp-connects.web.app/asset/font/fa-regular-404.html]
[dapp-connects.web.app/asset/font/fa-solid-900.html]
[dapp-connects.web.app/asset/font/fa-solid-900d41dd41dd41dd41dd41d.html]
[dapp-connects.web.app/asset/font/fa-solid-901.html]
[dapp-connects.web.app/asset/font/fa-solid-902.html]
[dapp-connects.web.app/asset/font/fa-solid-903.html]
[dapp-connects.web.app/asset/font/fa-solid-904.html]
